[17:02:25] [main/INFO]: Building optimized datafixer
[17:02:27] [Render thread/INFO]: Environment: authHost='https://authserver.mojang.com', accountsHost='https://api.mojang.com', sessionHost='https://sessionserver.mojang.com', servicesHost='https://api.minecraftservices.com', name='PROD'
[17:02:28] [Render thread/INFO]: Setting user: monizm
[17:02:28] [Render thread/INFO]: Backend library: LWJGL version 3.3.1 build 7
[17:02:33] [Render thread/WARN]: Removed resource pack mod_resources from options because it doesn't seem to exist anymore
[17:02:35] [Render thread/INFO]: Narrator library for x64 successfully loaded
[17:02:35] [Render thread/INFO]: Reloading ResourceManager: Default
[17:02:40] [Render thread/WARN]: Missing sound for event: minecraft:item.goat_horn.play
[17:02:40] [Render thread/WARN]: Missing sound for event: minecraft:entity.goat.screaming.horn_break
[17:02:40] [Render thread/INFO]: OpenAL initialized on device OpenAL Soft on Speakers (USB Audio Device)
[17:02:40] [Render thread/INFO]: Sound engine started
[17:02:40] [Render thread/INFO]: Created: 1024x1024x4 minecraft:textures/atlas/blocks.png-atlas
[17:02:40] [Render thread/INFO]: Created: 256x128x4 minecraft:textures/atlas/signs.png-atlas
[17:02:40] [Render thread/INFO]: Created: 1024x512x4 minecraft:textures/atlas/banner_patterns.png-atlas
[17:02:40] [Render thread/INFO]: Created: 1024x512x4 minecraft:textures/atlas/shield_patterns.png-atlas
[17:02:40] [Render thread/INFO]: Created: 256x256x4 minecraft:textures/atlas/chest.png-atlas
[17:02:40] [Render thread/INFO]: Created: 512x256x4 minecraft:textures/atlas/beds.png-atlas
[17:02:40] [Render thread/INFO]: Created: 512x256x4 minecraft:textures/atlas/shulker_boxes.png-atlas
[17:02:42] [Render thread/WARN]: Shader rendertype_entity_translucent_emissive could not find sampler named Sampler2 in the specified shader program.
[17:02:43] [Render thread/INFO]: Created: 512x256x0 minecraft:textures/atlas/particles.png-atlas
[17:02:43] [Render thread/INFO]: Created: 256x256x0 minecraft:textures/atlas/paintings.png-atlas
[17:02:43] [Render thread/INFO]: Created: 256x128x0 minecraft:textures/atlas/mob_effects.png-atlas
[17:02:50] [Worker-Bootstrap-15/INFO]: 4283 Datafixer optimizations took 24977 milliseconds
[17:05:24] [Render thread/INFO]: Connecting to 104.199.192.32, 25565
[17:05:28] [Render thread/INFO]: Loaded 0 advancements
[17:05:38] [Render thread/INFO]: Loaded 19 advancements
[17:05:41] [Render thread/INFO]: Loaded 26 advancements
[17:05:43] [Render thread/WARN]: Unable to play empty soundEvent: minecraft:entity.salmon.ambient
[17:05:57] [Render thread/INFO]: Loaded 28 advancements
[17:08:31] [Render thread/INFO]: Stopping!
