[15:11:58] [main/INFO] [JMLogger] JourneyMap log initialized.
[15:11:58] [main/INFO] [JourneymapClient] initialize ENTER
[15:11:58] [main/INFO] [ClientAPI] [ClientAPI] built with JourneyMap API 1.8-SNAPSHOT
[15:11:58] [main/INFO] [PluginHelper] Initializing plugins with Client API: journeymap.client.api.impl.ClientAPI
[15:11:58] [main/INFO] [PluginHelper] Initialized IClientPlugin: net.blay09.mods.waystones.compat.JourneyMapAddon
[15:11:58] [main/DEBUG] [JourneymapClient] Loading and Generating Journeymap configs
[15:11:58] [main/WARN] [PropertiesBase] core (Initialized) Bad configField entry during updateFrom(): optionsManagerViewed=null
[15:11:58] [Render thread/INFO] [?] Version: JourneyMap 1.16.5-5.8.5p6, built with Forge 1.16.5-36.2.22
Forge: 36.2.34
Environment: os.name, os.arch, java.version, user.country, user.language=null, game language=en_us, locale=en_us
Features: 
	RadarPlayers : singleplayer = true , multiplayer = true
	RadarAnimals : singleplayer = true , multiplayer = true
	RadarMobs : singleplayer = true , multiplayer = true
	RadarVillagers : singleplayer = true , multiplayer = true
	MapTopo : singleplayer = true , multiplayer = true
	MapSurface : singleplayer = true , multiplayer = true
	MapCaves : singleplayer = true , multiplayer = true
	MapBiome : singleplayer = true , multiplayer = true
MiniMapProperties{state=Valid, file=journeymap.minimap.config, configVersion=5.8.5p6, zoomLevel=0, compassFontScale=1.0, terrainAlpha=100, showEntityNames=true, positionX=0.9, positionY=0.25, effectVertical=false, showPlayerHeading=true, sizePercent=30, playerDisplayScale=1.0, showDayNight=true, showPets=true, preferredMapType=day, showCompass=true, mobDisplay=jm.common.entity_display.dots, systemTimeRealFormat=HH:mm:ss, shape=jm.minimap.shape_circle, showSelf=true, selfDisplayScale=1.0, showGrid=true, reticleOrientation=jm.minimap.orientation.compass, gameTimeRealFormat=HH:mm:ss, effectTranslateX=-609, showWaypoints=true, minimapKeyMovementSpeed=0.001, showAnimals=true, infoSlotAlpha=0.7, effectTranslateY=0, showWaypointLabels=true, moveEffectIcons=true, position=jm.minimap.position_topright, fontScale=1.0, showPlayers=true, waypointIconScale=1.0, frameAlpha=100, effectReversed=false, backgroundAlpha=0.8, enabled=true, showVillagers=true, info2Label=jm.theme.labelsource.gametime, info3Label=jm.theme.labelsource.location, showMobs=true, waypointLabelScale=1.0, showReticle=true, orientation=jm.minimap.orientation.north, info4Label=jm.theme.labelsource.biome, locationFormat=xzyv, playerDisplay=jm.common.entity_display.dots, mobDisplayScale=1.0, showCaves=true, showMobHeading=true, locationFormatVerbose=true, info1Label=jm.theme.labelsource.blank}
MiniMapProperties{state=Valid, file=journeymap.minimap2.config, configVersion=5.8.5p6, zoomLevel=0, compassFontScale=1.0, terrainAlpha=100, showEntityNames=true, positionX=0.9, positionY=0.25, effectVertical=false, showPlayerHeading=true, sizePercent=30, playerDisplayScale=1.0, showDayNight=true, showPets=true, preferredMapType=day, showCompass=true, mobDisplay=jm.common.entity_display.dots, systemTimeRealFormat=HH:mm:ss, shape=jm.minimap.shape_rectangle, showSelf=true, selfDisplayScale=1.0, showGrid=true, reticleOrientation=jm.minimap.orientation.compass, gameTimeRealFormat=HH:mm:ss, effectTranslateX=0, showWaypoints=true, minimapKeyMovementSpeed=0.001, showAnimals=true, infoSlotAlpha=0.7, effectTranslateY=0, showWaypointLabels=true, moveEffectIcons=true, position=jm.minimap.position_topright, fontScale=1.0, showPlayers=true, waypointIconScale=1.0, frameAlpha=100, effectReversed=false, backgroundAlpha=0.8, enabled=true, showVillagers=true, info2Label=jm.theme.labelsource.gametime, info3Label=jm.theme.labelsource.location, showMobs=true, waypointLabelScale=1.0, showReticle=true, orientation=jm.minimap.orientation.north, info4Label=jm.theme.labelsource.biome, locationFormat=xzyv, playerDisplay=jm.common.entity_display.dots, mobDisplayScale=1.0, showCaves=true, showMobHeading=true, locationFormatVerbose=true, info1Label=jm.theme.labelsource.blank}
FullMapProperties{state=Valid, file=journeymap.fullmap.config, configVersion=5.8.5p6, zoomLevel=0, showPlayers=true, waypointIconScale=1.0, showEntityNames=true, showPlayerHeading=true, showVillagers=true, showPlayerLoc=true, showKeys=true, playerDisplayScale=1.0, showMobs=true, showPets=true, waypointLabelScale=1.0, preferredMapType=day, mobDisplay=jm.common.entity_display.dots, showSelf=true, locationFormat=xzyv, playerDisplay=jm.common.entity_display.dots, mobDisplayScale=1.0, selfDisplayScale=1.0, showGrid=true, showMouseLoc=true, showWaypoints=true, showCaves=true, showAnimals=true, dragScale=1, showMobHeading=true, showWaypointLabels=true, locationFormatVerbose=true, fontScale=1.0}
WaypointProperties{state=Valid, file=journeymap.waypoint.config, configVersion=5.8.5p6, autoRemoveDeathpointDistance=2, dateFormat=MM-dd-yyyy, autoRemoveDeathpoints=false, fullscreenDoubleClickToCreate=true, managerDimensionFocus=false, minDistance=4, boldLabel=false, textureSmall=true, showDeathpointlabel=true, beaconEnabled=true, createDeathpoints=true, showName=true, disableStrikeThrough=false, maxDistance=0, autoHideLabel=true, autoRemoveTempWaypoints=2, teleportCommand=/tp {name} {x} {y} {z}, showStaticBeam=true, timeFormat=HH:mm:ss, showDeviationLabel=false, showDistance=true, showRotatingBeam=true, fontScale=2.0, showTexture=true, managerEnabled=true}
WebMapProperties{state=Valid, file=journeymap.webmap.config, configVersion=5.8.5p6, port=8080, enabled=false}
CoreProperties{state=Valid, file=journeymap.core.config, configVersion=5.8.5p6, verboseColorPalette=false, maxPlayersData=32, mapSurfaceAboveCaves=true, dataCachingEnabled=true, optionsManagerViewed=null, announceMod=true, colorPassive=#bbbbbb, renderOverlayEventTypeName=ALL, mapBlendWater=false, renderDistanceSurfaceMax=0, seedId=false, radarVerticalDistance=16, mapBlendGrass=true, recordCacheStats=false, hideSneakingEntities=true, revealShape=jm.minimap.shape_circle, mapBiome=true, alwaysMapSurface=false, colorVillager=#88e188, mapPlants=false, colorPet=#0077ff, radarLateralDistance=64, mapBathymetry=false, mapCrops=true, maxMobsData=32, mapPlantShadows=false, alwaysMapCaves=false, checkUpdates=true, mapBlendFoliage=true, hideSpectators=false, mappingEnabled=true, colorPlayer=#ffffff, tileHighDisplayQuality=true, cacheVillagersData=2200, logLevel=INFO, maxVillagersData=32, mapWaterBiomeColors=false, maxAnimalsData=32, mapTransparency=true, tileRenderType=1, caveIgnoreGlass=true, mapTopography=true, renderDistanceCaveMax=0, mapAntialiasing=true, colorSelf=#0000ff, cachePlayersData=2000, cacheMobsData=3000, cachePlayerData=1000, splashViewed=5.8.5p6, colorHostile=#ff0000, cacheAnimalsData=3100, themeName=Purist, mapCaveLighting=true, renderDelay=2, renderOverlayPreEvent=true, glErrorChecking=false, autoMapPoll=2000}
[15:11:58] [main/DEBUG] [EventHandlerManager] Handler registered: journeymap.client.forge.event.KeyEventHandler
[15:11:58] [main/DEBUG] [EventHandlerManager] Handler registered: journeymap.client.forge.event.ChatEventHandler
[15:11:58] [main/DEBUG] [EventHandlerManager] Handler registered: journeymap.client.forge.event.StateTickHandler
[15:11:58] [main/DEBUG] [EventHandlerManager] Handler registered: journeymap.client.forge.event.WorldEventHandler
[15:11:58] [main/DEBUG] [EventHandlerManager] Handler registered: journeymap.client.forge.event.WaypointBeaconHandler
[15:11:58] [main/DEBUG] [EventHandlerManager] Handler registered: journeymap.client.forge.event.TextureAtlasHandler
[15:11:58] [main/DEBUG] [EventHandlerManager] Handler registered: journeymap.client.forge.event.MiniMapOverlayHandler
[15:11:58] [main/DEBUG] [EventHandlerManager] Handler registered: journeymap.client.forge.event.PlayerConnectHandler
[15:11:58] [main/DEBUG] [EventHandlerManager] Handler registered: journeymap.client.world.ChunkMonitor
[15:11:58] [main/DEBUG] [EventHandlerManager] Handler registered: journeymap.client.forge.event.HudOverlayHandler
[15:11:58] [main/DEBUG] [EventHandlerManager] Handler registered: journeymap.client.forge.event.PopupMenuEventHandler
[15:11:58] [main/INFO] [JourneymapClient] initialize EXIT, elapsed count 1 avg 831.05ms
[15:12:01] [main/INFO] [JourneymapClient] Journeymap PostInit
[15:12:01] [main/DEBUG] [JourneymapClient] postInitialize ENTER
[15:12:01] [main/TRACE] [ThemeLoader] Initializing themes ...
[15:12:01] [main/INFO] [ThemeLoader] Preloaded theme textures: 73
[15:12:01] [main/INFO] [JourneymapClient] postInitialize EXIT, elapsed count 1 avg 273.3ms
[15:12:02] [JM-VersionCheck-1/ERROR] [VersionCheck] Could not check version URL
javax.net.ssl.SSLHandshakeException: sun.security.validator.ValidatorException: PKIX path building failed: sun.security.provider.certpath.SunCertPathBuilderException: unable to find valid certification path to requested target
	at sun.security.ssl.Alerts.getSSLException(Alerts.java:192) ~[?:1.8.0_51]
	at sun.security.ssl.SSLSocketImpl.fatal(SSLSocketImpl.java:1949) ~[?:1.8.0_51]
	at sun.security.ssl.Handshaker.fatalSE(Handshaker.java:302) ~[?:1.8.0_51]
	at sun.security.ssl.Handshaker.fatalSE(Handshaker.java:296) ~[?:1.8.0_51]
	at sun.security.ssl.ClientHandshaker.serverCertificate(ClientHandshaker.java:1497) ~[?:1.8.0_51]
	at sun.security.ssl.ClientHandshaker.processMessage(ClientHandshaker.java:212) ~[?:1.8.0_51]
	at sun.security.ssl.Handshaker.processLoop(Handshaker.java:979) ~[?:1.8.0_51]
	at sun.security.ssl.Handshaker.process_record(Handshaker.java:914) ~[?:1.8.0_51]
	at sun.security.ssl.SSLSocketImpl.readRecord(SSLSocketImpl.java:1062) ~[?:1.8.0_51]
	at sun.security.ssl.SSLSocketImpl.performInitialHandshake(SSLSocketImpl.java:1375) ~[?:1.8.0_51]
	at sun.security.ssl.SSLSocketImpl.startHandshake(SSLSocketImpl.java:1403) ~[?:1.8.0_51]
	at sun.security.ssl.SSLSocketImpl.startHandshake(SSLSocketImpl.java:1387) ~[?:1.8.0_51]
	at org.apache.http.conn.ssl.SSLConnectionSocketFactory.createLayeredSocket(SSLConnectionSocketFactory.java:275) ~[httpclient-4.3.3.jar:4.3.3]
	at org.apache.http.conn.ssl.SSLConnectionSocketFactory.connectSocket(SSLConnectionSocketFactory.java:254) ~[httpclient-4.3.3.jar:4.3.3]
	at org.apache.http.impl.conn.HttpClientConnectionOperator.connect(HttpClientConnectionOperator.java:117) ~[httpclient-4.3.3.jar:4.3.3]
	at org.apache.http.impl.conn.PoolingHttpClientConnectionManager.connect(PoolingHttpClientConnectionManager.java:314) ~[httpclient-4.3.3.jar:4.3.3]
	at org.apache.http.impl.execchain.MainClientExec.establishRoute(MainClientExec.java:363) ~[httpclient-4.3.3.jar:4.3.3]
	at org.apache.http.impl.execchain.MainClientExec.execute(MainClientExec.java:219) ~[httpclient-4.3.3.jar:4.3.3]
	at org.apache.http.impl.execchain.ProtocolExec.execute(ProtocolExec.java:195) ~[httpclient-4.3.3.jar:4.3.3]
	at org.apache.http.impl.execchain.RetryExec.execute(RetryExec.java:86) ~[httpclient-4.3.3.jar:4.3.3]
	at org.apache.http.impl.execchain.RedirectExec.execute(RedirectExec.java:108) ~[httpclient-4.3.3.jar:4.3.3]
	at org.apache.http.impl.client.InternalHttpClient.doExecute(InternalHttpClient.java:186) ~[httpclient-4.3.3.jar:4.3.3]
	at org.apache.http.impl.client.CloseableHttpClient.execute(CloseableHttpClient.java:82) ~[httpclient-4.3.3.jar:4.3.3]
	at org.apache.http.impl.client.CloseableHttpClient.execute(CloseableHttpClient.java:106) ~[httpclient-4.3.3.jar:4.3.3]
	at org.apache.http.impl.client.CloseableHttpClient.execute(CloseableHttpClient.java:57) ~[httpclient-4.3.3.jar:4.3.3]
	at journeymap.common.version.VersionCheck.makeGetRequest(VersionCheck.java:211) [?:1.16.5-5.8.5p6]
	at journeymap.common.version.VersionCheck.lambda$checkVersion$1(VersionCheck.java:121) [?:1.16.5-5.8.5p6]
	at journeymap.common.version.VersionCheck$$Lambda$18049/229762763.run(Unknown Source) [?:1.16.5-5.8.5p6]
	at java.util.concurrent.Executors$RunnableAdapter.call(Executors.java:511) [?:1.8.0_51]
	at java.util.concurrent.FutureTask.run(FutureTask.java:266) [?:1.8.0_51]
	at java.util.concurrent.ThreadPoolExecutor.runWorker(ThreadPoolExecutor.java:1142) [?:1.8.0_51]
	at java.util.concurrent.ThreadPoolExecutor$Worker.run(ThreadPoolExecutor.java:617) [?:1.8.0_51]
	at java.lang.Thread.run(Thread.java:745) [?:1.8.0_51]
Caused by: sun.security.validator.ValidatorException: PKIX path building failed: sun.security.provider.certpath.SunCertPathBuilderException: unable to find valid certification path to requested target
	at sun.security.validator.PKIXValidator.doBuild(PKIXValidator.java:387) ~[?:1.8.0_51]
	at sun.security.validator.PKIXValidator.engineValidate(PKIXValidator.java:292) ~[?:1.8.0_51]
	at sun.security.validator.Validator.validate(Validator.java:260) ~[?:1.8.0_51]
	at sun.security.ssl.X509TrustManagerImpl.validate(X509TrustManagerImpl.java:324) ~[?:1.8.0_51]
	at sun.security.ssl.X509TrustManagerImpl.checkTrusted(X509TrustManagerImpl.java:229) ~[?:1.8.0_51]
	at sun.security.ssl.X509TrustManagerImpl.checkServerTrusted(X509TrustManagerImpl.java:124) ~[?:1.8.0_51]
	at sun.security.ssl.ClientHandshaker.serverCertificate(ClientHandshaker.java:1479) ~[?:1.8.0_51]
	... 28 more
Caused by: sun.security.provider.certpath.SunCertPathBuilderException: unable to find valid certification path to requested target
	at sun.security.provider.certpath.SunCertPathBuilder.build(SunCertPathBuilder.java:145) ~[?:1.8.0_51]
	at sun.security.provider.certpath.SunCertPathBuilder.engineBuild(SunCertPathBuilder.java:131) ~[?:1.8.0_51]
	at java.security.cert.CertPathBuilder.build(CertPathBuilder.java:280) ~[?:1.8.0_51]
	at sun.security.validator.PKIXValidator.doBuild(PKIXValidator.java:382) ~[?:1.8.0_51]
	at sun.security.validator.PKIXValidator.engineValidate(PKIXValidator.java:292) ~[?:1.8.0_51]
	at sun.security.validator.Validator.validate(Validator.java:260) ~[?:1.8.0_51]
	at sun.security.ssl.X509TrustManagerImpl.validate(X509TrustManagerImpl.java:324) ~[?:1.8.0_51]
	at sun.security.ssl.X509TrustManagerImpl.checkTrusted(X509TrustManagerImpl.java:229) ~[?:1.8.0_51]
	at sun.security.ssl.X509TrustManagerImpl.checkServerTrusted(X509TrustManagerImpl.java:124) ~[?:1.8.0_51]
	at sun.security.ssl.ClientHandshaker.serverCertificate(ClientHandshaker.java:1479) ~[?:1.8.0_51]
	... 28 more
[15:12:02] [JM-VersionCheck-1/ERROR] [VersionCheck] Could not check version URL
javax.net.ssl.SSLHandshakeException: sun.security.validator.ValidatorException: PKIX path building failed: sun.security.provider.certpath.SunCertPathBuilderException: unable to find valid certification path to requested target
	at sun.security.ssl.Alerts.getSSLException(Alerts.java:192) ~[?:1.8.0_51]
	at sun.security.ssl.SSLSocketImpl.fatal(SSLSocketImpl.java:1949) ~[?:1.8.0_51]
	at sun.security.ssl.Handshaker.fatalSE(Handshaker.java:302) ~[?:1.8.0_51]
	at sun.security.ssl.Handshaker.fatalSE(Handshaker.java:296) ~[?:1.8.0_51]
	at sun.security.ssl.ClientHandshaker.serverCertificate(ClientHandshaker.java:1497) ~[?:1.8.0_51]
	at sun.security.ssl.ClientHandshaker.processMessage(ClientHandshaker.java:212) ~[?:1.8.0_51]
	at sun.security.ssl.Handshaker.processLoop(Handshaker.java:979) ~[?:1.8.0_51]
	at sun.security.ssl.Handshaker.process_record(Handshaker.java:914) ~[?:1.8.0_51]
	at sun.security.ssl.SSLSocketImpl.readRecord(SSLSocketImpl.java:1062) ~[?:1.8.0_51]
	at sun.security.ssl.SSLSocketImpl.performInitialHandshake(SSLSocketImpl.java:1375) ~[?:1.8.0_51]
	at sun.security.ssl.SSLSocketImpl.startHandshake(SSLSocketImpl.java:1403) ~[?:1.8.0_51]
	at sun.security.ssl.SSLSocketImpl.startHandshake(SSLSocketImpl.java:1387) ~[?:1.8.0_51]
	at org.apache.http.conn.ssl.SSLConnectionSocketFactory.createLayeredSocket(SSLConnectionSocketFactory.java:275) ~[httpclient-4.3.3.jar:4.3.3]
	at org.apache.http.conn.ssl.SSLConnectionSocketFactory.connectSocket(SSLConnectionSocketFactory.java:254) ~[httpclient-4.3.3.jar:4.3.3]
	at org.apache.http.impl.conn.HttpClientConnectionOperator.connect(HttpClientConnectionOperator.java:117) ~[httpclient-4.3.3.jar:4.3.3]
	at org.apache.http.impl.conn.PoolingHttpClientConnectionManager.connect(PoolingHttpClientConnectionManager.java:314) ~[httpclient-4.3.3.jar:4.3.3]
	at org.apache.http.impl.execchain.MainClientExec.establishRoute(MainClientExec.java:363) ~[httpclient-4.3.3.jar:4.3.3]
	at org.apache.http.impl.execchain.MainClientExec.execute(MainClientExec.java:219) ~[httpclient-4.3.3.jar:4.3.3]
	at org.apache.http.impl.execchain.ProtocolExec.execute(ProtocolExec.java:195) ~[httpclient-4.3.3.jar:4.3.3]
	at org.apache.http.impl.execchain.RetryExec.execute(RetryExec.java:86) ~[httpclient-4.3.3.jar:4.3.3]
	at org.apache.http.impl.execchain.RedirectExec.execute(RedirectExec.java:108) ~[httpclient-4.3.3.jar:4.3.3]
	at org.apache.http.impl.client.InternalHttpClient.doExecute(InternalHttpClient.java:186) ~[httpclient-4.3.3.jar:4.3.3]
	at org.apache.http.impl.client.CloseableHttpClient.execute(CloseableHttpClient.java:82) ~[httpclient-4.3.3.jar:4.3.3]
	at org.apache.http.impl.client.CloseableHttpClient.execute(CloseableHttpClient.java:106) ~[httpclient-4.3.3.jar:4.3.3]
	at org.apache.http.impl.client.CloseableHttpClient.execute(CloseableHttpClient.java:57) ~[httpclient-4.3.3.jar:4.3.3]
	at journeymap.common.version.VersionCheck.makeGetRequest(VersionCheck.java:211) [?:1.16.5-5.8.5p6]
	at journeymap.common.version.VersionCheck.lambda$checkVersion$1(VersionCheck.java:122) [?:1.16.5-5.8.5p6]
	at journeymap.common.version.VersionCheck$$Lambda$18049/229762763.run(Unknown Source) [?:1.16.5-5.8.5p6]
	at java.util.concurrent.Executors$RunnableAdapter.call(Executors.java:511) [?:1.8.0_51]
	at java.util.concurrent.FutureTask.run(FutureTask.java:266) [?:1.8.0_51]
	at java.util.concurrent.ThreadPoolExecutor.runWorker(ThreadPoolExecutor.java:1142) [?:1.8.0_51]
	at java.util.concurrent.ThreadPoolExecutor$Worker.run(ThreadPoolExecutor.java:617) [?:1.8.0_51]
	at java.lang.Thread.run(Thread.java:745) [?:1.8.0_51]
Caused by: sun.security.validator.ValidatorException: PKIX path building failed: sun.security.provider.certpath.SunCertPathBuilderException: unable to find valid certification path to requested target
	at sun.security.validator.PKIXValidator.doBuild(PKIXValidator.java:387) ~[?:1.8.0_51]
	at sun.security.validator.PKIXValidator.engineValidate(PKIXValidator.java:292) ~[?:1.8.0_51]
	at sun.security.validator.Validator.validate(Validator.java:260) ~[?:1.8.0_51]
	at sun.security.ssl.X509TrustManagerImpl.validate(X509TrustManagerImpl.java:324) ~[?:1.8.0_51]
	at sun.security.ssl.X509TrustManagerImpl.checkTrusted(X509TrustManagerImpl.java:229) ~[?:1.8.0_51]
	at sun.security.ssl.X509TrustManagerImpl.checkServerTrusted(X509TrustManagerImpl.java:124) ~[?:1.8.0_51]
	at sun.security.ssl.ClientHandshaker.serverCertificate(ClientHandshaker.java:1479) ~[?:1.8.0_51]
	... 28 more
Caused by: sun.security.provider.certpath.SunCertPathBuilderException: unable to find valid certification path to requested target
	at sun.security.provider.certpath.SunCertPathBuilder.build(SunCertPathBuilder.java:145) ~[?:1.8.0_51]
	at sun.security.provider.certpath.SunCertPathBuilder.engineBuild(SunCertPathBuilder.java:131) ~[?:1.8.0_51]
	at java.security.cert.CertPathBuilder.build(CertPathBuilder.java:280) ~[?:1.8.0_51]
	at sun.security.validator.PKIXValidator.doBuild(PKIXValidator.java:382) ~[?:1.8.0_51]
	at sun.security.validator.PKIXValidator.engineValidate(PKIXValidator.java:292) ~[?:1.8.0_51]
	at sun.security.validator.Validator.validate(Validator.java:260) ~[?:1.8.0_51]
	at sun.security.ssl.X509TrustManagerImpl.validate(X509TrustManagerImpl.java:324) ~[?:1.8.0_51]
	at sun.security.ssl.X509TrustManagerImpl.checkTrusted(X509TrustManagerImpl.java:229) ~[?:1.8.0_51]
	at sun.security.ssl.X509TrustManagerImpl.checkServerTrusted(X509TrustManagerImpl.java:124) ~[?:1.8.0_51]
	at sun.security.ssl.ClientHandshaker.serverCertificate(ClientHandshaker.java:1479) ~[?:1.8.0_51]
	... 28 more
[15:16:16] [Server thread/INFO] [ForgeConfig] Loading JourneyMap Forge Configs
[15:16:34] [main/WARN] [PropertiesBase] core (Initialized) Bad configField entry during updateFrom(): optionsManagerViewed=null
[15:16:34] [main/INFO] [WaypointStore] Loaded 6 waypoints from C:\Users\crn-mzgpc\AppData\Roaming\.minecraft\journeymap\data\sp\New World\waypoints
[15:16:34] [main/INFO] [JourneymapClient] Mapping started in C:\Users\crn-mzgpc\AppData\Roaming\.minecraft\journeymap\data\sp\New World\overworld. Memory: 5088MB total, 1701MB free 
[15:20:12] [main/ERROR] [JMLogger] Can't get entityTexture for TranslatableComponent{key='entity.aquaculture.minnow', args=[], siblings=[], style=Style{ color=null, bold=null, italic=null, underlined=null, strikethrough=null, obfuscated=null, clickEvent=null, hoverEvent=null, insertion=null, font=minecraft:default}} (SUPPRESSED)
[15:20:12] [main/ERROR] [JMLogger] Can't get entityTexture for TranslatableComponent{key='entity.aquaculture.perch', args=[], siblings=[], style=Style{ color=null, bold=null, italic=null, underlined=null, strikethrough=null, obfuscated=null, clickEvent=null, hoverEvent=null, insertion=null, font=minecraft:default}} (SUPPRESSED)
[15:20:12] [main/ERROR] [JMLogger] Can't get entityTexture for TranslatableComponent{key='entity.aquaculture.brown_trout', args=[], siblings=[], style=Style{ color=null, bold=null, italic=null, underlined=null, strikethrough=null, obfuscated=null, clickEvent=null, hoverEvent=null, insertion=null, font=minecraft:default}} (SUPPRESSED)
[15:20:13] [main/INFO] [ChatLog] 
[15:20:57] [main/ERROR] [JMLogger] Can't get entityTexture for TranslatableComponent{key='entity.aquaculture.gar', args=[], siblings=[], style=Style{ color=null, bold=null, italic=null, underlined=null, strikethrough=null, obfuscated=null, clickEvent=null, hoverEvent=null, insertion=null, font=minecraft:default}} (SUPPRESSED)
[15:21:33] [main/ERROR] [JMLogger] Can't get entityTexture for TranslatableComponent{key='entity.aquaculture.smallmouth_bass', args=[], siblings=[], style=Style{ color=null, bold=null, italic=null, underlined=null, strikethrough=null, obfuscated=null, clickEvent=null, hoverEvent=null, insertion=null, font=minecraft:default}} (SUPPRESSED)
[15:22:06] [main/INFO] [JourneymapClient] Mapping halted in C:\Users\crn-mzgpc\AppData\Roaming\.minecraft\journeymap\data\sp\New World\minecraft:overworld
[15:22:07] [main/WARN] [PropertiesBase] core (Initialized) Bad configField entry during updateFrom(): optionsManagerViewed=null
[15:22:07] [main/INFO] [WaypointStore] Loaded 6 waypoints from C:\Users\crn-mzgpc\AppData\Roaming\.minecraft\journeymap\data\sp\New World\waypoints
[15:22:07] [main/INFO] [JourneymapClient] Mapping started in C:\Users\crn-mzgpc\AppData\Roaming\.minecraft\journeymap\data\sp\New World\the_nether. Memory: 5088MB total, 1322MB free 
[15:25:37] [main/INFO] [JourneymapClient] Mapping halted in C:\Users\crn-mzgpc\AppData\Roaming\.minecraft\journeymap\data\sp\New World\minecraft:the_nether
[15:25:39] [main/WARN] [PropertiesBase] core (Initialized) Bad configField entry during updateFrom(): optionsManagerViewed=null
[15:25:39] [main/INFO] [WaypointStore] Loaded 6 waypoints from C:\Users\crn-mzgpc\AppData\Roaming\.minecraft\journeymap\data\sp\New World\waypoints
[15:25:39] [main/INFO] [JourneymapClient] Mapping started in C:\Users\crn-mzgpc\AppData\Roaming\.minecraft\journeymap\data\sp\New World\overworld. Memory: 5088MB total, 1462MB free 
[15:25:46] [main/ERROR] [JMLogger] Can't get entityTexture for TranslatableComponent{key='entity.aquaculture.bluegill', args=[], siblings=[], style=Style{ color=null, bold=null, italic=null, underlined=null, strikethrough=null, obfuscated=null, clickEvent=null, hoverEvent=null, insertion=null, font=minecraft:default}} (SUPPRESSED)
[15:26:45] [main/ERROR] [JMLogger] Can't get entityTexture for TranslatableComponent{key='entity.aquaculture.carp', args=[], siblings=[], style=Style{ color=null, bold=null, italic=null, underlined=null, strikethrough=null, obfuscated=null, clickEvent=null, hoverEvent=null, insertion=null, font=minecraft:default}} (SUPPRESSED)
[15:31:36] [main/INFO] [JourneymapClient] Mapping halted in C:\Users\crn-mzgpc\AppData\Roaming\.minecraft\journeymap\data\sp\New World\minecraft:overworld
[15:31:37] [main/WARN] [PropertiesBase] core (Initialized) Bad configField entry during updateFrom(): optionsManagerViewed=null
[15:31:37] [main/INFO] [WaypointStore] Loaded 6 waypoints from C:\Users\crn-mzgpc\AppData\Roaming\.minecraft\journeymap\data\sp\New World\waypoints
[15:31:37] [main/INFO] [JourneymapClient] Mapping started in C:\Users\crn-mzgpc\AppData\Roaming\.minecraft\journeymap\data\sp\New World\the_nether. Memory: 5088MB total, 1180MB free 
[15:31:48] [main/INFO] [JourneymapClient] Mapping halted in C:\Users\crn-mzgpc\AppData\Roaming\.minecraft\journeymap\data\sp\New World\minecraft:the_nether
[15:31:49] [main/WARN] [PropertiesBase] core (Initialized) Bad configField entry during updateFrom(): optionsManagerViewed=null
[15:31:49] [main/INFO] [WaypointStore] Loaded 6 waypoints from C:\Users\crn-mzgpc\AppData\Roaming\.minecraft\journeymap\data\sp\New World\waypoints
[15:31:49] [main/INFO] [JourneymapClient] Mapping started in C:\Users\crn-mzgpc\AppData\Roaming\.minecraft\journeymap\data\sp\New World\overworld. Memory: 5088MB total, 1611MB free 
[15:35:14] [main/ERROR] [JMLogger] Can't get entityTexture for TranslatableComponent{key='entity.aquaculture.minnow', args=[], siblings=[], style=Style{ color=null, bold=null, italic=null, underlined=null, strikethrough=null, obfuscated=null, clickEvent=null, hoverEvent=null, insertion=null, font=minecraft:default}} (SUPPRESSED)
[15:35:14] [main/ERROR] [JMLogger] Can't get entityTexture for TranslatableComponent{key='entity.aquaculture.smallmouth_bass', args=[], siblings=[], style=Style{ color=null, bold=null, italic=null, underlined=null, strikethrough=null, obfuscated=null, clickEvent=null, hoverEvent=null, insertion=null, font=minecraft:default}} (SUPPRESSED)
[15:35:22] [main/ERROR] [JMLogger] Can't get entityTexture for TranslatableComponent{key='entity.aquaculture.perch', args=[], siblings=[], style=Style{ color=null, bold=null, italic=null, underlined=null, strikethrough=null, obfuscated=null, clickEvent=null, hoverEvent=null, insertion=null, font=minecraft:default}} (SUPPRESSED)
[15:35:22] [main/ERROR] [JMLogger] Can't get entityTexture for TranslatableComponent{key='entity.aquaculture.bluegill', args=[], siblings=[], style=Style{ color=null, bold=null, italic=null, underlined=null, strikethrough=null, obfuscated=null, clickEvent=null, hoverEvent=null, insertion=null, font=minecraft:default}} (SUPPRESSED)
[15:38:43] [main/ERROR] [JMLogger] Can't get entityTexture for TranslatableComponent{key='entity.aquaculture.carp', args=[], siblings=[], style=Style{ color=null, bold=null, italic=null, underlined=null, strikethrough=null, obfuscated=null, clickEvent=null, hoverEvent=null, insertion=null, font=minecraft:default}} (SUPPRESSED)
[15:39:21] [main/ERROR] [JMLogger] Can't get entityTexture for TranslatableComponent{key='entity.aquaculture.gar', args=[], siblings=[], style=Style{ color=null, bold=null, italic=null, underlined=null, strikethrough=null, obfuscated=null, clickEvent=null, hoverEvent=null, insertion=null, font=minecraft:default}} (SUPPRESSED)
[15:42:28] [main/INFO] [StatTimer] TileDrawStep.updateRegionTexture hit max count, 1000000
[15:42:28] [main/INFO] [StatTimer] TileDrawStep.draw(low) hit max count, 1000000
[15:43:34] [main/ERROR] [JMLogger] Can't get entityTexture for TranslatableComponent{key='entity.thermal.basalz', args=[], siblings=[], style=Style{ color=null, bold=null, italic=null, underlined=null, strikethrough=null, obfuscated=null, clickEvent=null, hoverEvent=null, insertion=null, font=minecraft:default}} (SUPPRESSED)
[15:46:14] [main/ERROR] [JMLogger] Can't get entityTexture for TranslatableComponent{key='entity.aquaculture.brown_trout', args=[], siblings=[], style=Style{ color=null, bold=null, italic=null, underlined=null, strikethrough=null, obfuscated=null, clickEvent=null, hoverEvent=null, insertion=null, font=minecraft:default}} (SUPPRESSED)
[15:51:27] [main/ERROR] [JMLogger] Can't get entityTexture for TranslatableComponent{key='entity.aquaculture.brown_trout', args=[], siblings=[], style=Style{ color=null, bold=null, italic=null, underlined=null, strikethrough=null, obfuscated=null, clickEvent=null, hoverEvent=null, insertion=null, font=minecraft:default}} (SUPPRESSED)
[15:51:27] [main/ERROR] [JMLogger] Can't get entityTexture for TranslatableComponent{key='entity.aquaculture.perch', args=[], siblings=[], style=Style{ color=null, bold=null, italic=null, underlined=null, strikethrough=null, obfuscated=null, clickEvent=null, hoverEvent=null, insertion=null, font=minecraft:default}} (SUPPRESSED)
[15:51:27] [main/ERROR] [JMLogger] Can't get entityTexture for TranslatableComponent{key='entity.aquaculture.minnow', args=[], siblings=[], style=Style{ color=null, bold=null, italic=null, underlined=null, strikethrough=null, obfuscated=null, clickEvent=null, hoverEvent=null, insertion=null, font=minecraft:default}} (SUPPRESSED)
[15:51:27] [main/ERROR] [JMLogger] Can't get entityTexture for TranslatableComponent{key='entity.aquaculture.carp', args=[], siblings=[], style=Style{ color=null, bold=null, italic=null, underlined=null, strikethrough=null, obfuscated=null, clickEvent=null, hoverEvent=null, insertion=null, font=minecraft:default}} (SUPPRESSED)
[15:51:27] [main/ERROR] [JMLogger] Can't get entityTexture for TranslatableComponent{key='entity.aquaculture.bluegill', args=[], siblings=[], style=Style{ color=null, bold=null, italic=null, underlined=null, strikethrough=null, obfuscated=null, clickEvent=null, hoverEvent=null, insertion=null, font=minecraft:default}} (SUPPRESSED)
[15:51:41] [main/ERROR] [JMLogger] Can't get entityTexture for TranslatableComponent{key='entity.aquaculture.smallmouth_bass', args=[], siblings=[], style=Style{ color=null, bold=null, italic=null, underlined=null, strikethrough=null, obfuscated=null, clickEvent=null, hoverEvent=null, insertion=null, font=minecraft:default}} (SUPPRESSED)
[16:00:45] [main/INFO] [JourneymapClient] Mapping halted in C:\Users\crn-mzgpc\AppData\Roaming\.minecraft\journeymap\data\sp\New World\minecraft:overworld
[16:00:46] [main/WARN] [PropertiesBase] core (Initialized) Bad configField entry during updateFrom(): optionsManagerViewed=null
[16:00:46] [main/INFO] [WaypointStore] Loaded 6 waypoints from C:\Users\crn-mzgpc\AppData\Roaming\.minecraft\journeymap\data\sp\New World\waypoints
[16:00:46] [main/INFO] [JourneymapClient] Mapping started in C:\Users\crn-mzgpc\AppData\Roaming\.minecraft\journeymap\data\sp\New World\the_nether. Memory: 5088MB total, 1688MB free 
[16:01:48] [main/INFO] [JourneymapClient] Mapping halted in C:\Users\crn-mzgpc\AppData\Roaming\.minecraft\journeymap\data\sp\New World\minecraft:the_nether
[16:01:49] [main/WARN] [PropertiesBase] core (Initialized) Bad configField entry during updateFrom(): optionsManagerViewed=null
[16:01:49] [main/INFO] [WaypointStore] Loaded 6 waypoints from C:\Users\crn-mzgpc\AppData\Roaming\.minecraft\journeymap\data\sp\New World\waypoints
[16:01:49] [main/INFO] [JourneymapClient] Mapping started in C:\Users\crn-mzgpc\AppData\Roaming\.minecraft\journeymap\data\sp\New World\overworld. Memory: 5088MB total, 1093MB free 
[16:03:51] [main/INFO] [JourneymapClient] Mapping halted in C:\Users\crn-mzgpc\AppData\Roaming\.minecraft\journeymap\data\sp\New World\minecraft:overworld
[16:03:51] [main/WARN] [PropertiesBase] core (Initialized) Bad configField entry during updateFrom(): optionsManagerViewed=null
[16:03:51] [main/INFO] [WaypointStore] Loaded 6 waypoints from C:\Users\crn-mzgpc\AppData\Roaming\.minecraft\journeymap\data\sp\New World\waypoints
[16:03:51] [main/INFO] [JourneymapClient] Mapping started in C:\Users\crn-mzgpc\AppData\Roaming\.minecraft\journeymap\data\sp\New World\the_nether. Memory: 5088MB total, 1903MB free 
[16:04:53] [main/INFO] [JourneymapClient] Mapping halted in C:\Users\crn-mzgpc\AppData\Roaming\.minecraft\journeymap\data\sp\New World\minecraft:the_nether
[16:04:54] [main/WARN] [PropertiesBase] core (Initialized) Bad configField entry during updateFrom(): optionsManagerViewed=null
[16:04:54] [main/INFO] [WaypointStore] Loaded 6 waypoints from C:\Users\crn-mzgpc\AppData\Roaming\.minecraft\journeymap\data\sp\New World\waypoints
[16:04:54] [main/INFO] [JourneymapClient] Mapping started in C:\Users\crn-mzgpc\AppData\Roaming\.minecraft\journeymap\data\sp\New World\overworld. Memory: 5088MB total, 1873MB free 
[16:05:03] [main/ERROR] [JMLogger] Can't get entityTexture for TranslatableComponent{key='entity.aquaculture.minnow', args=[], siblings=[], style=Style{ color=null, bold=null, italic=null, underlined=null, strikethrough=null, obfuscated=null, clickEvent=null, hoverEvent=null, insertion=null, font=minecraft:default}} (SUPPRESSED)
[16:05:03] [main/ERROR] [JMLogger] Can't get entityTexture for TranslatableComponent{key='entity.aquaculture.perch', args=[], siblings=[], style=Style{ color=null, bold=null, italic=null, underlined=null, strikethrough=null, obfuscated=null, clickEvent=null, hoverEvent=null, insertion=null, font=minecraft:default}} (SUPPRESSED)
[16:05:07] [main/ERROR] [JMLogger] Can't get entityTexture for TranslatableComponent{key='entity.aquaculture.brown_trout', args=[], siblings=[], style=Style{ color=null, bold=null, italic=null, underlined=null, strikethrough=null, obfuscated=null, clickEvent=null, hoverEvent=null, insertion=null, font=minecraft:default}} (SUPPRESSED)
[16:05:07] [main/ERROR] [JMLogger] Can't get entityTexture for TranslatableComponent{key='entity.aquaculture.bluegill', args=[], siblings=[], style=Style{ color=null, bold=null, italic=null, underlined=null, strikethrough=null, obfuscated=null, clickEvent=null, hoverEvent=null, insertion=null, font=minecraft:default}} (SUPPRESSED)
[16:05:14] [main/INFO] [JourneymapClient] Mapping halted in C:\Users\crn-mzgpc\AppData\Roaming\.minecraft\journeymap\data\sp\New World\minecraft:overworld
[16:05:14] [main/WARN] [PropertiesBase] core (Initialized) Bad configField entry during updateFrom(): optionsManagerViewed=null
[16:05:14] [main/INFO] [WaypointStore] Loaded 6 waypoints from C:\Users\crn-mzgpc\AppData\Roaming\.minecraft\journeymap\data\sp\New World\waypoints
[16:05:14] [main/INFO] [JourneymapClient] Mapping started in C:\Users\crn-mzgpc\AppData\Roaming\.minecraft\journeymap\data\sp\New World\the_nether. Memory: 5088MB total, 1190MB free 
[16:05:36] [main/INFO] [JourneymapClient] Mapping halted in C:\Users\crn-mzgpc\AppData\Roaming\.minecraft\journeymap\data\sp\New World\minecraft:the_nether
[16:05:37] [main/WARN] [PropertiesBase] core (Initialized) Bad configField entry during updateFrom(): optionsManagerViewed=null
[16:05:37] [main/INFO] [WaypointStore] Loaded 6 waypoints from C:\Users\crn-mzgpc\AppData\Roaming\.minecraft\journeymap\data\sp\New World\waypoints
[16:05:37] [main/INFO] [JourneymapClient] Mapping started in C:\Users\crn-mzgpc\AppData\Roaming\.minecraft\journeymap\data\sp\New World\overworld. Memory: 5088MB total, 1505MB free 
[16:07:53] [main/ERROR] [JMLogger] Can't get entityTexture for TranslatableComponent{key='entity.thermal.basalz', args=[], siblings=[], style=Style{ color=null, bold=null, italic=null, underlined=null, strikethrough=null, obfuscated=null, clickEvent=null, hoverEvent=null, insertion=null, font=minecraft:default}} (SUPPRESSED)
[16:09:25] [main/ERROR] [JMLogger] Can't get entityTexture for TranslatableComponent{key='entity.aquaculture.perch', args=[], siblings=[], style=Style{ color=null, bold=null, italic=null, underlined=null, strikethrough=null, obfuscated=null, clickEvent=null, hoverEvent=null, insertion=null, font=minecraft:default}} (SUPPRESSED)
[16:09:25] [main/ERROR] [JMLogger] Can't get entityTexture for TranslatableComponent{key='entity.aquaculture.bluegill', args=[], siblings=[], style=Style{ color=null, bold=null, italic=null, underlined=null, strikethrough=null, obfuscated=null, clickEvent=null, hoverEvent=null, insertion=null, font=minecraft:default}} (SUPPRESSED)
[16:09:25] [main/ERROR] [JMLogger] Can't get entityTexture for TranslatableComponent{key='entity.aquaculture.brown_trout', args=[], siblings=[], style=Style{ color=null, bold=null, italic=null, underlined=null, strikethrough=null, obfuscated=null, clickEvent=null, hoverEvent=null, insertion=null, font=minecraft:default}} (SUPPRESSED)
[16:09:25] [main/ERROR] [JMLogger] Can't get entityTexture for TranslatableComponent{key='entity.aquaculture.minnow', args=[], siblings=[], style=Style{ color=null, bold=null, italic=null, underlined=null, strikethrough=null, obfuscated=null, clickEvent=null, hoverEvent=null, insertion=null, font=minecraft:default}} (SUPPRESSED)
[16:13:02] [main/ERROR] [JMLogger] Can't get entityTexture for TranslatableComponent{key='entity.aquaculture.smallmouth_bass', args=[], siblings=[], style=Style{ color=null, bold=null, italic=null, underlined=null, strikethrough=null, obfuscated=null, clickEvent=null, hoverEvent=null, insertion=null, font=minecraft:default}} (SUPPRESSED)
[16:15:09] [main/ERROR] [JMLogger] Can't get entityTexture for TranslatableComponent{key='entity.aquaculture.gar', args=[], siblings=[], style=Style{ color=null, bold=null, italic=null, underlined=null, strikethrough=null, obfuscated=null, clickEvent=null, hoverEvent=null, insertion=null, font=minecraft:default}} (SUPPRESSED)
[16:21:48] [main/ERROR] [JMLogger] Can't get entityTexture for TranslatableComponent{key='entity.aquaculture.muskellunge', args=[], siblings=[], style=Style{ color=null, bold=null, italic=null, underlined=null, strikethrough=null, obfuscated=null, clickEvent=null, hoverEvent=null, insertion=null, font=minecraft:default}} (SUPPRESSED)
[16:22:27] [main/ERROR] [JMLogger] Can't get entityTexture for TranslatableComponent{key='entity.aquaculture.bluegill', args=[], siblings=[], style=Style{ color=null, bold=null, italic=null, underlined=null, strikethrough=null, obfuscated=null, clickEvent=null, hoverEvent=null, insertion=null, font=minecraft:default}} (SUPPRESSED)
[16:22:27] [main/ERROR] [JMLogger] Can't get entityTexture for TranslatableComponent{key='entity.aquaculture.perch', args=[], siblings=[], style=Style{ color=null, bold=null, italic=null, underlined=null, strikethrough=null, obfuscated=null, clickEvent=null, hoverEvent=null, insertion=null, font=minecraft:default}} (SUPPRESSED)
[16:22:32] [main/ERROR] [JMLogger] Can't get entityTexture for TranslatableComponent{key='entity.aquaculture.muskellunge', args=[], siblings=[], style=Style{ color=null, bold=null, italic=null, underlined=null, strikethrough=null, obfuscated=null, clickEvent=null, hoverEvent=null, insertion=null, font=minecraft:default}} (SUPPRESSED)
[16:22:32] [main/ERROR] [JMLogger] Can't get entityTexture for TranslatableComponent{key='entity.aquaculture.brown_trout', args=[], siblings=[], style=Style{ color=null, bold=null, italic=null, underlined=null, strikethrough=null, obfuscated=null, clickEvent=null, hoverEvent=null, insertion=null, font=minecraft:default}} (SUPPRESSED)
[16:25:01] [main/ERROR] [JMLogger] Can't get entityTexture for TranslatableComponent{key='entity.aquaculture.smallmouth_bass', args=[], siblings=[], style=Style{ color=null, bold=null, italic=null, underlined=null, strikethrough=null, obfuscated=null, clickEvent=null, hoverEvent=null, insertion=null, font=minecraft:default}} (SUPPRESSED)
[16:25:01] [main/ERROR] [JMLogger] Can't get entityTexture for TranslatableComponent{key='entity.aquaculture.minnow', args=[], siblings=[], style=Style{ color=null, bold=null, italic=null, underlined=null, strikethrough=null, obfuscated=null, clickEvent=null, hoverEvent=null, insertion=null, font=minecraft:default}} (SUPPRESSED)
[16:31:41] [main/INFO] [StatTimer] TileDrawStep.updateRegionTexture hit max count, 1000000
[16:31:41] [main/INFO] [StatTimer] TileDrawStep.draw(low) hit max count, 1000000
[16:33:07] [main/ERROR] [JMLogger] Can't get entityTexture for TranslatableComponent{key='entity.aquaculture.perch', args=[], siblings=[], style=Style{ color=null, bold=null, italic=null, underlined=null, strikethrough=null, obfuscated=null, clickEvent=null, hoverEvent=null, insertion=null, font=minecraft:default}} (SUPPRESSED)
[16:33:07] [main/ERROR] [JMLogger] Can't get entityTexture for TranslatableComponent{key='entity.aquaculture.bluegill', args=[], siblings=[], style=Style{ color=null, bold=null, italic=null, underlined=null, strikethrough=null, obfuscated=null, clickEvent=null, hoverEvent=null, insertion=null, font=minecraft:default}} (SUPPRESSED)
[16:33:07] [main/ERROR] [JMLogger] Can't get entityTexture for TranslatableComponent{key='entity.aquaculture.minnow', args=[], siblings=[], style=Style{ color=null, bold=null, italic=null, underlined=null, strikethrough=null, obfuscated=null, clickEvent=null, hoverEvent=null, insertion=null, font=minecraft:default}} (SUPPRESSED)
[16:33:07] [main/ERROR] [JMLogger] Can't get entityTexture for TranslatableComponent{key='entity.aquaculture.gar', args=[], siblings=[], style=Style{ color=null, bold=null, italic=null, underlined=null, strikethrough=null, obfuscated=null, clickEvent=null, hoverEvent=null, insertion=null, font=minecraft:default}} (SUPPRESSED)
[16:33:11] [main/ERROR] [JMLogger] Can't get entityTexture for TranslatableComponent{key='entity.aquaculture.smallmouth_bass', args=[], siblings=[], style=Style{ color=null, bold=null, italic=null, underlined=null, strikethrough=null, obfuscated=null, clickEvent=null, hoverEvent=null, insertion=null, font=minecraft:default}} (SUPPRESSED)
[16:39:36] [main/ERROR] [JMLogger] Can't get entityTexture for TranslatableComponent{key='entity.aquaculture.carp', args=[], siblings=[], style=Style{ color=null, bold=null, italic=null, underlined=null, strikethrough=null, obfuscated=null, clickEvent=null, hoverEvent=null, insertion=null, font=minecraft:default}} (SUPPRESSED)
[16:39:36] [main/ERROR] [JMLogger] Can't get entityTexture for TranslatableComponent{key='entity.aquaculture.brown_trout', args=[], siblings=[], style=Style{ color=null, bold=null, italic=null, underlined=null, strikethrough=null, obfuscated=null, clickEvent=null, hoverEvent=null, insertion=null, font=minecraft:default}} (SUPPRESSED)
[16:57:13] [main/INFO] [JourneymapClient] Mapping halted in C:\Users\crn-mzgpc\AppData\Roaming\.minecraft\journeymap\data\mp\offline\minecraft:overworld
